<?xml version="1.0" encoding="UTF-8"?>
<!-- Generated by org.testng.reporters.JUnitXMLReporter -->
<testsuite ignored="0" hostname="Jenifer_041" failures="0" tests="3" name="Default test" time="29.022" errors="0" timestamp="2022-09-26T20:12:20 IST">
  <testcase classname="TestNG.ExpectedException" name="google" time="8.044"/>
  <testcase classname="TestNG.ExpectedException" name="bing" time="7.856"/>
  <testcase classname="TestNG.ExpectedException" name="fan" time="13.006"/>
</testsuite> <!-- Default test -->
